
> placement-portal-backend@1.0.0 dev
> ts-node-dev --respawn --transpile-only src/server.ts

[INFO] 09:50:39 ts-node-dev ver. 2.0.0 (using ts-node ver. 10.9.2, typescript ver. 5.9.3)
(node:82787) Warning: SECURITY WARNING: The SSL modes 'prefer', 'require', and 'verify-ca' are treated as aliases for 'verify-full'.
In the next major version (pg-connection-string v3.0.0 and pg v9.0.0), these modes will adopt standard libpq semantics, which have weaker security guarantees.

To prepare for this change:
- If you want the current behavior, explicitly use 'sslmode=verify-full'
- If you want libpq compatibility now, use 'uselibpqcompat=true&sslmode=require'

See https://www.postgresql.org/docs/current/libpq-ssl.html for libpq SSL mode definitions.
(Use `node --trace-warnings ...` to show where the warning was created)
✅ Database connected (Neon PostgreSQL)
🚀 Server running on http://localhost:5000
📋 Environment: development
[0mGET /health [32m200[0m 1.303 ms - 61[0m
[0mHEAD /uploads/resumes/resume_2_1778665937729.pdf [32m200[0m 0.666 ms - 401929[0m
[0mHEAD /uploads/resumes/resume_2_1778665937729.pdf [32m200[0m 0.227 ms - 401929[0m
[DB] Pool client error (will reconnect): Connection terminated unexpectedly
[0mGET /api/auth/me [33m401[0m 7.838 ms - 73[0m
[DB] SELECT rt.*, u.id AS uid, u.email, u.role, u.is_active
       FROM refresh_token | 4378ms | 1 rows
[DB] UPDATE refresh_tokens SET revoked_at = CURRENT_TIMESTAMP WHERE id = $1 | 320ms | 1 rows
[DB] INSERT INTO refresh_tokens (user_id, token_hash, expires_at, ip_address, user_ag | 491ms | 1 rows
[0mPOST /api/auth/refresh [32m200[0m 5200.807 ms - 407[0m
[DB] SELECT id, email, role, is_active, password_changed_at FROM users WHERE id = $1 | 700ms | 1 rows
[DB] SELECT id, name, email, role, domain, score, status,
              last_login_at | 614ms | 1 rows
[0mGET /api/auth/me [32m200[0m 1316.382 ms - 229[0m
[DB] SELECT id, email, role, is_active, password_changed_at FROM users WHERE id = $1 | 333ms | 1 rows
[DB] SELECT key, value FROM portal_settings | 329ms | 1 rows
[0mGET /api/settings [36m304[0m 667.161 ms - -[0m
[DB] SELECT id, email, role, is_active, password_changed_at FROM users WHERE id = $1 | 402ms | 1 rows
[DB] SELECT key, value FROM portal_settings | 616ms | 1 rows
[0mGET /api/settings [36m304[0m 1020.541 ms - -[0m
[DB] SELECT id, email, role, is_active, password_changed_at FROM users WHERE id = $1 | 312ms | 1 rows
[DB] SELECT key, value FROM portal_settings | 315ms | 1 rows
[0mGET /api/settings [36m304[0m 630.357 ms - -[0m
[DB] SELECT id, email, role, is_active, password_changed_at FROM users WHERE id = $1 | 319ms | 1 rows
[DB] SELECT key, value FROM portal_settings | 378ms | 1 rows
[0mGET /api/settings [36m304[0m 698.191 ms - -[0m
[DB] SELECT id, email, role, is_active, password_changed_at FROM users WHERE id = $1 | 323ms | 1 rows
[DB] SELECT id, name, email, role, domain, score, status,
              phone, colleg | 629ms | 1 rows
[0mGET /api/profile [36m304[0m 955.057 ms - -[0m
[0mGET /uploads/photos/photo_2_1778669290229.jpeg [32m200[0m 3.164 ms - 1372984[0m
[DB] SELECT id, email, role, is_active, password_changed_at FROM users WHERE id = $1 | 610ms | 1 rows
[DB] SELECT id, name, email, role, domain, score, status,
              phone, colleg | 614ms | 1 rows
[0mGET /api/profile [36m304[0m 1225.902 ms - -[0m
[0mGET /uploads/resumes/resume_2_1778665937729.pdf [32m200[0m 1.677 ms - 401929[0m
[DB] SELECT id, email, role, is_active, password_changed_at FROM users WHERE id = $1 | 339ms | 1 rows
[DB] SELECT t.*, u.name AS created_by_name
       FROM tests t
       JOIN users u ON | 335ms | 0 rows
[0mGET /api/tests?domain=Web [36m304[0m 677.211 ms - -[0m
[DB] SELECT id, email, role, is_active, password_changed_at FROM users WHERE id = $1 | 328ms | 1 rows
[DB] SELECT t.*, u.name AS created_by_name
       FROM tests t
       JOIN users u ON | 320ms | 0 rows
[0mGET /api/tests?domain=Web [36m304[0m 649.072 ms - -[0m
[DB] SELECT id, email, role, is_active, password_changed_at FROM users WHERE id = $1 | 4491ms | 1 rows
[DB] SELECT ta.*, t.title AS test_title, t.domain, t.passing_marks
       FROM test_a | 612ms | 0 rows
[0mGET /api/test-attempts/my [36m304[0m 5106.762 ms - -[0m
[DB] SELECT id, email, role, is_active, password_changed_at FROM users WHERE id = $1 | 402ms | 1 rows
[DB] SELECT ta.*, t.title AS test_title, t.domain, t.passing_marks
       FROM test_a | 614ms | 0 rows
[0mGET /api/test-attempts/my [36m304[0m 1018.712 ms - -[0m
[DB] SELECT id, email, role, is_active, password_changed_at FROM users WHERE id = $1 | 419ms | 1 rows
[DB] SELECT key, value FROM portal_settings | 614ms | 1 rows
[0mGET /api/settings [36m304[0m 1033.817 ms - -[0m
[DB] SELECT id, email, role, is_active, password_changed_at FROM users WHERE id = $1 | 408ms | 1 rows
[DB] SELECT key, value FROM portal_settings | 614ms | 1 rows
[0mGET /api/settings [36m304[0m 1023.337 ms - -[0m
[DB] UPDATE refresh_tokens SET revoked_at = CURRENT_TIMESTAMP WHERE token_hash = $1 | 512ms | 1 rows
[0mPOST /api/auth/logout [32m200[0m 512.423 ms - 53[0m
[DB] SELECT id, name, email, password, role, domain, score, status,
              is_ | 608ms | 1 rows
[DB] UPDATE users
       SET failed_attempts = 0, locked_until = NULL, last_login_at  | 363ms | 1 rows
[DB] INSERT INTO refresh_tokens (user_id, token_hash, expires_at, ip_address, user_ag | 715ms | 1 rows
[0mPOST /api/auth/login [32m200[0m 1952.595 ms - 584[0m
[DB] SELECT id, email, role, is_active, password_changed_at FROM users WHERE id = $1 | 316ms | 1 rows
[DB] SELECT key, value FROM portal_settings | 537ms | 1 rows
[0mGET /api/settings [36m304[0m 855.266 ms - -[0m
[DB] SELECT id, email, role, is_active, password_changed_at FROM users WHERE id = $1 | 611ms | 1 rows
[DB] SELECT key, value FROM portal_settings | 717ms | 1 rows
[0mGET /api/settings [36m304[0m 1329.556 ms - -[0m
[DB] SELECT id, email, role, is_active, password_changed_at FROM users WHERE id = $1 | 611ms | 1 rows
[DB] SELECT key, value FROM portal_settings | 614ms | 1 rows
[0mGET /api/settings [36m304[0m 1226.755 ms - -[0m
[DB] SELECT id, email, role, is_active, password_changed_at FROM users WHERE id = $1 | 420ms | 1 rows
[DB] SELECT key, value FROM portal_settings | 499ms | 1 rows
[0mGET /api/settings [36m304[0m 921.088 ms - -[0m
[DB] SELECT id, email, role, is_active, password_changed_at FROM users WHERE id = $1 | 540ms | 1 rows
[DB] SELECT id, name, email, role, domain, score, status,
              phone, colleg | 714ms | 1 rows
[0mGET /api/profile [32m200[0m 1255.057 ms - 486[0m
[0mGET /uploads/photos/photo_2_1778669290229.jpeg [32m200[0m 2.851 ms - 1372984[0m
[DB] SELECT id, email, role, is_active, password_changed_at FROM users WHERE id = $1 | 608ms | 1 rows
[DB] SELECT id, name, email, role, domain, score, status,
              phone, colleg | 614ms | 1 rows
[0mGET /api/profile [36m304[0m 1223.187 ms - -[0m
[DB] UPDATE refresh_tokens SET revoked_at = CURRENT_TIMESTAMP WHERE token_hash = $1 | 326ms | 1 rows
[0mPOST /api/auth/logout [32m200[0m 326.846 ms - 53[0m
[DB] SELECT id, name, email, password, role, domain, score, status,
              is_ | 446ms | 1 rows
[DB] UPDATE users
       SET failed_attempts = 0, locked_until = NULL, last_login_at  | 365ms | 1 rows
[DB] INSERT INTO refresh_tokens (user_id, token_hash, expires_at, ip_address, user_ag | 717ms | 1 rows
[0mPOST /api/auth/login [32m200[0m 1781.587 ms - 595[0m
[DB] SELECT id, email, role, is_active, password_changed_at FROM users WHERE id = $1 | 490ms | 1 rows
[DB] SELECT key, value FROM portal_settings | 614ms | 1 rows
[0mGET /api/settings [36m304[0m 1110.428 ms - -[0m
[DB] SELECT id, email, role, is_active, password_changed_at FROM users WHERE id = $1 | 408ms | 1 rows
[DB] SELECT key, value FROM portal_settings | 511ms | 1 rows
[0mGET /api/settings [36m304[0m 919.978 ms - -[0m
[DB] UPDATE refresh_tokens SET revoked_at = CURRENT_TIMESTAMP WHERE token_hash = $1 | 365ms | 1 rows
[0mPOST /api/auth/logout [32m200[0m 368.215 ms - 53[0m
[DB] SELECT id, name, email, password, role, domain, score, status,
              is_ | 344ms | 1 rows
[DB] UPDATE users
       SET failed_attempts = 0, locked_until = NULL, last_login_at  | 740ms | 1 rows
[DB] INSERT INTO refresh_tokens (user_id, token_hash, expires_at, ip_address, user_ag | 504ms | 1 rows
[0mPOST /api/auth/login [32m200[0m 1855.430 ms - 572[0m
[DB] SELECT id, email, role, is_active, password_changed_at FROM users WHERE id = $1 | 318ms | 1 rows
[DB] SELECT key, value FROM portal_settings | 353ms | 1 rows
[0mGET /api/settings [36m304[0m 672.914 ms - -[0m
[DB] SELECT id, email, role, is_active, password_changed_at FROM users WHERE id = $1 | 407ms | 1 rows
[DB] SELECT key, value FROM portal_settings | 315ms | 1 rows
[0mGET /api/settings [36m304[0m 723.341 ms - -[0m
[DB] SELECT id, email, role, is_active, password_changed_at FROM users WHERE id = $1 | 520ms | 1 rows
[DB] SELECT id, name, email, role, domain, score, status,
              last_login_at | 615ms | 1 rows
[0mGET /api/auth/me [32m200[0m 1136.295 ms - 225[0m
[DB] SELECT id, email, role, is_active, password_changed_at FROM users WHERE id = $1 | 362ms | 1 rows
[DB] SELECT key, value FROM portal_settings | 409ms | 1 rows
[0mGET /api/settings [36m304[0m 772.815 ms - -[0m
[DB] SELECT id, email, role, is_active, password_changed_at FROM users WHERE id = $1 | 508ms | 1 rows
[DB] SELECT key, value FROM portal_settings | 630ms | 1 rows
[0mGET /api/settings [36m304[0m 1140.143 ms - -[0m
[DB] SELECT id, email, role, is_active, password_changed_at FROM users WHERE id = $1 | 499ms | 1 rows
[DB] SELECT id, name, email, role, domain, score, status,
              last_login_at | 404ms | 1 rows
[0mGET /api/auth/me [36m304[0m 944.697 ms - -[0m
[DB] SELECT id, email, role, is_active, password_changed_at FROM users WHERE id = $1 | 464ms | 1 rows
[DB] SELECT key, value FROM portal_settings | 819ms | 1 rows
[0mGET /api/settings [36m304[0m 1283.615 ms - -[0m
[DB] SELECT id, email, role, is_active, password_changed_at FROM users WHERE id = $1 | 464ms | 1 rows
[DB] SELECT key, value FROM portal_settings | 322ms | 1 rows
[0mGET /api/settings [36m304[0m 787.828 ms - -[0m
[DB] SELECT id, email, role, is_active, password_changed_at FROM users WHERE id = $1 | 382ms | 1 rows
[DB] SELECT id, name, email, role, domain, score, status,
              last_login_at | 539ms | 1 rows
[0mGET /api/auth/me [36m304[0m 925.835 ms - -[0m
[DB] SELECT id, email, role, is_active, password_changed_at FROM users WHERE id = $1 | 572ms | 1 rows
[DB] SELECT key, value FROM portal_settings | 614ms | 1 rows
[0mGET /api/settings [36m304[0m 1187.234 ms - -[0m
[DB] SELECT id, email, role, is_active, password_changed_at FROM users WHERE id = $1 | 405ms | 1 rows
[DB] SELECT key, value FROM portal_settings | 615ms | 1 rows
[0mGET /api/settings [36m304[0m 1021.250 ms - -[0m
[DB] SELECT id, email, role, is_active, password_changed_at FROM users WHERE id = $1 | 392ms | 1 rows
[DB] SELECT id, name, email, role, domain, score, status,
              last_login_at | 409ms | 1 rows
[0mGET /api/auth/me [36m304[0m 802.065 ms - -[0m
[DB] SELECT id, email, role, is_active, password_changed_at FROM users WHERE id = $1 | 570ms | 1 rows
[DB] SELECT key, value FROM portal_settings | 329ms | 1 rows
[0mGET /api/settings [36m304[0m 901.105 ms - -[0m
[DB] SELECT id, email, role, is_active, password_changed_at FROM users WHERE id = $1 | 693ms | 1 rows
[DB] SELECT key, value FROM portal_settings | 717ms | 1 rows
[0mGET /api/settings [36m304[0m 1411.260 ms - -[0m
[DB] SELECT id, email, role, is_active, password_changed_at FROM users WHERE id = $1 | 331ms | 1 rows
[DB] SELECT id, name, email, role, domain, score, status,
              last_login_at | 417ms | 1 rows
[0mGET /api/auth/me [36m304[0m 772.286 ms - -[0m
[DB] SELECT id, email, role, is_active, password_changed_at FROM users WHERE id = $1 | 574ms | 1 rows
[DB] SELECT id, email, role, is_active, password_changed_at FROM users WHERE id = $1 | 574ms | 1 rows
[DB] SELECT key, value FROM portal_settings | 818ms | 1 rows
[0mGET /api/settings [36m304[0m 1394.200 ms - -[0m
[DB] SELECT
         j.*,
         COUNT(a.id)::int AS application_count
       FROM  | 818ms | 2 rows
[0mGET /api/jobs/my [32m200[0m 1394.071 ms - 648[0m
[DB] SELECT id, email, role, is_active, password_changed_at FROM users WHERE id = $1 | 404ms | 1 rows
[DB] SELECT id, email, role, is_active, password_changed_at FROM users WHERE id = $1 | 404ms | 1 rows
[DB] SELECT
         j.*,
         COUNT(a.id)::int AS application_count
       FROM  | 409ms | 2 rows
[0mGET /api/jobs/my [36m304[0m 814.125 ms - -[0m
[DB] SELECT key, value FROM portal_settings | 413ms | 1 rows
[0mGET /api/settings [36m304[0m 819.413 ms - -[0m
[DB] Pool client error (will reconnect): Connection terminated unexpectedly
[DB] Pool client error (will reconnect): Connection terminated unexpectedly
[DB] UPDATE refresh_tokens SET revoked_at = CURRENT_TIMESTAMP WHERE token_hash = $1 | 5011ms | 1 rows
[0mPOST /api/auth/logout [32m200[0m 5016.876 ms - 53[0m
[DB] SELECT id, name, email, password, role, domain, score, status,
              is_ | 339ms | 1 rows
[DB] UPDATE users
       SET failed_attempts = 0, locked_until = NULL, last_login_at  | 460ms | 1 rows
[DB] INSERT INTO refresh_tokens (user_id, token_hash, expires_at, ip_address, user_ag | 316ms | 1 rows
[0mPOST /api/auth/login [32m200[0m 1382.682 ms - 595[0m
[DB] SELECT id, email, role, is_active, password_changed_at FROM users WHERE id = $1 | 301ms | 1 rows
[DB] SELECT key, value FROM portal_settings | 714ms | 1 rows
[0mGET /api/settings [36m304[0m 1015.976 ms - -[0m
[DB] SELECT id, email, role, is_active, password_changed_at FROM users WHERE id = $1 | 504ms | 1 rows
[DB] SELECT key, value FROM portal_settings | 312ms | 1 rows
[0mGET /api/settings [36m304[0m 817.576 ms - -[0m
[DB] SELECT id, email, role, is_active, password_changed_at FROM users WHERE id = $1 | 294ms | 1 rows
[DB] SELECT key, value FROM portal_settings | 308ms | 1 rows
[0mGET /api/settings [36m304[0m 603.073 ms - -[0m
[DB] SELECT id, email, role, is_active, password_changed_at FROM users WHERE id = $1 | 543ms | 1 rows
[DB] SELECT key, value FROM portal_settings | 310ms | 1 rows
[0mGET /api/settings [36m304[0m 854.630 ms - -[0m
[DB] SELECT id, email, role, is_active, password_changed_at FROM users WHERE id = $1 | 768ms | 1 rows
[DB] SELECT key, value FROM portal_settings | 405ms | 1 rows
[0mGET /api/settings [36m304[0m 1177.450 ms - -[0m
[DB] SELECT id, email, role, is_active, password_changed_at FROM users WHERE id = $1 | 318ms | 1 rows
[DB] SELECT key, value FROM portal_settings | 313ms | 1 rows
[0mGET /api/settings [36m304[0m 632.391 ms - -[0m
[DB] SELECT id, email, role, is_active, password_changed_at FROM users WHERE id = $1 | 388ms | 1 rows
[DB] SELECT key, value FROM portal_settings | 411ms | 1 rows
[0mGET /api/settings [36m304[0m 799.553 ms - -[0m
[DB] SELECT id, email, role, is_active, password_changed_at FROM users WHERE id = $1 | 612ms | 1 rows
[DB] SELECT key, value FROM portal_settings | 326ms | 1 rows
[0mGET /api/settings [36m304[0m 939.598 ms - -[0m
[DB] SELECT id, email, role, is_active, password_changed_at FROM users WHERE id = $1 | 360ms | 1 rows
[DB] SELECT id, name, email, role, domain, score, status,
              last_login_at | 362ms | 1 rows
[0mGET /api/auth/me [32m200[0m 725.763 ms - 234[0m
[DB] SELECT id, email, role, is_active, password_changed_at FROM users WHERE id = $1 | 329ms | 1 rows
[DB] SELECT key, value FROM portal_settings | 303ms | 1 rows
[0mGET /api/settings [36m304[0m 633.122 ms - -[0m
[DB] SELECT id, email, role, is_active, password_changed_at FROM users WHERE id = $1 | 497ms | 1 rows
[DB] SELECT key, value FROM portal_settings | 306ms | 1 rows
[0mGET /api/settings [36m304[0m 804.502 ms - -[0m
[DB] SELECT id, email, role, is_active, password_changed_at FROM users WHERE id = $1 | 318ms | 1 rows
[DB] SELECT key, value FROM portal_settings | 288ms | 1 rows
[0mGET /api/settings [36m304[0m 609.069 ms - -[0m
[DB] SELECT id, email, role, is_active, password_changed_at FROM users WHERE id = $1 | 453ms | 1 rows
[DB] SELECT key, value FROM portal_settings | 717ms | 1 rows
[0mGET /api/settings [36m304[0m 1171.584 ms - -[0m
[0mGET /api/auth/me [0m-[0m - ms - -[0m
[DB] SELECT id, email, role, is_active, password_changed_at FROM users WHERE id = $1 | 298ms | 1 rows
[DB] SELECT id, name, email, role, domain, score, status,
              last_login_at | 344ms | 1 rows
[DB] SELECT id, name, email, password, role, domain, score, status,
              is_ | 470ms | 1 rows
[DB] UPDATE users
       SET failed_attempts = 0, locked_until = NULL, last_login_at  | 365ms | 1 rows
[DB] INSERT INTO refresh_tokens (user_id, token_hash, expires_at, ip_address, user_ag | 365ms | 1 rows
[0mPOST /api/auth/login [32m200[0m 1456.904 ms - 595[0m
[DB] SELECT id, email, role, is_active, password_changed_at FROM users WHERE id = $1 | 294ms | 1 rows
[DB] SELECT key, value FROM portal_settings | 526ms | 1 rows
[0mGET /api/settings [36m304[0m 820.803 ms - -[0m
[DB] SELECT id, email, role, is_active, password_changed_at FROM users WHERE id = $1 | 609ms | 1 rows
[DB] SELECT key, value FROM portal_settings | 411ms | 1 rows
[0mGET /api/settings [36m304[0m 1020.600 ms - -[0m
[DB] SELECT id, email, role, is_active, password_changed_at FROM users WHERE id = $1 | 325ms | 1 rows
[DB] SELECT key, value FROM portal_settings | 473ms | 1 rows
[0mGET /api/settings [36m304[0m 802.956 ms - -[0m
[DB] SELECT id, email, role, is_active, password_changed_at FROM users WHERE id = $1 | 292ms | 1 rows
[DB] SELECT key, value FROM portal_settings | 319ms | 1 rows
[0mGET /api/settings [36m304[0m 612.122 ms - -[0m
[DB] SELECT id, email, role, is_active, password_changed_at FROM users WHERE id = $1 | 381ms | 1 rows
[DB] SELECT key, value FROM portal_settings | 536ms | 1 rows
[0mGET /api/settings [36m304[0m 919.968 ms - -[0m
[DB] SELECT id, email, role, is_active, password_changed_at FROM users WHERE id = $1 | 607ms | 1 rows
[DB] SELECT key, value FROM portal_settings | 716ms | 1 rows
[0mGET /api/settings [36m304[0m 1324.784 ms - -[0m
[DB] Pool client error (will reconnect): Connection terminated unexpectedly
[0mPOST /api/auth/logout [0m-[0m - ms - -[0m
[DB] UPDATE refresh_tokens SET revoked_at = CURRENT_TIMESTAMP WHERE token_hash = $1 | 4355ms | 1 rows
[DB] SELECT id FROM users WHERE email = $1 | 362ms | 1 rows
[ERROR] Error: Email already registered.
    at createError (/Users/logeshalavandhan/Downloads/placement/backend/src/middleware/error.middleware.ts:39:27)
    at register (/Users/logeshalavandhan/Downloads/placement/backend/src/controllers/auth.controller.ts:32:30)
    at processTicksAndRejections (node:internal/process/task_queues:103:5) {
  statusCode: 409,
  isOperational: true
}
[0mPOST /api/auth/register [33m409[0m 400.139 ms - 401[0m
[INFO] 16:16:47 Restarting: /Users/logeshalavandhan/Downloads/placement/backend/src/controllers/users.controller.ts has been modified
SIGTERM received. Closing database pool...
(node:87937) Warning: SECURITY WARNING: The SSL modes 'prefer', 'require', and 'verify-ca' are treated as aliases for 'verify-full'.
In the next major version (pg-connection-string v3.0.0 and pg v9.0.0), these modes will adopt standard libpq semantics, which have weaker security guarantees.

To prepare for this change:
- If you want the current behavior, explicitly use 'sslmode=verify-full'
- If you want libpq compatibility now, use 'uselibpqcompat=true&sslmode=require'

See https://www.postgresql.org/docs/current/libpq-ssl.html for libpq SSL mode definitions.
(Use `node --trace-warnings ...` to show where the warning was created)
✅ Database connected (Neon PostgreSQL)
🚀 Server running on http://localhost:5000
📋 Environment: development
[0mGET /health [32m200[0m 1.115 ms - 61[0m
[DB] SELECT id, name, email, password, role, domain, score, status,
              is_ | 350ms | 1 rows
[DB] UPDATE users
       SET failed_attempts = 0, locked_until = NULL, last_login_at  | 354ms | 1 rows
[DB] INSERT INTO refresh_tokens (user_id, token_hash, expires_at, ip_address, user_ag | 491ms | 1 rows
[0mPOST /api/auth/login [32m200[0m 1479.361 ms - 595[0m
[DB] SELECT id, email, role, is_active, password_changed_at FROM users WHERE id = $1 | 292ms | 1 rows
[DB] SELECT id, name, email, role, domain, score, status, created_at
         FROM us | 297ms | 4 rows
[DB] SELECT id, email, role, is_active, password_changed_at FROM users WHERE id = $1 | 3692ms | 1 rows
[DB] SELECT COUNT(*) FROM users  | 3402ms | 1 rows
[0mGET /api/users? [32m200[0m 3698.605 ms - 725[0m
[DB] SELECT key, value FROM portal_settings | 303ms | 1 rows
[0mGET /api/settings [36m304[0m 3997.256 ms - -[0m
[DB] SELECT id, email, role, is_active, password_changed_at FROM users WHERE id = $1 | 308ms | 1 rows
[DB] SELECT id, email, role, is_active, password_changed_at FROM users WHERE id = $1 | 291ms | 1 rows
[DB] SELECT COUNT(*) FROM users  | 365ms | 1 rows
[DB] SELECT id, name, email, role, domain, score, status, created_at
         FROM us | 366ms | 4 rows
[0mGET /api/users? [36m304[0m 674.727 ms - -[0m
[DB] SELECT id, email, role, is_active, password_changed_at FROM users WHERE id = $1 | 373ms | 1 rows
[DB] SELECT COUNT(*) FROM jobs j WHERE j.is_active = true | 771ms | 1 rows
[DB] SELECT key, value FROM portal_settings | 406ms | 1 rows
[0mGET /api/settings [36m304[0m 781.437 ms - -[0m
[DB] SELECT
           j.*,
           u.name  AS hr_name,
           u.email AS hr_e | 774ms | 2 rows
[0mGET /api/jobs?page=1&limit=20 [36m304[0m 1068.212 ms - -[0m
[DB] SELECT id, email, role, is_active, password_changed_at FROM users WHERE id = $1 | 401ms | 1 rows
[DB] SELECT
           j.*,
           u.name  AS hr_name,
           u.email AS hr_e | 298ms | 2 rows
[DB] SELECT COUNT(*) FROM jobs j WHERE j.is_active = true | 301ms | 1 rows
[0mGET /api/jobs?page=1&limit=20 [36m304[0m 704.186 ms - -[0m
[DB] SELECT id, email, role, is_active, password_changed_at FROM users WHERE id = $1 | 325ms | 1 rows
[DB] SELECT key, value FROM portal_settings | 457ms | 1 rows
[0mGET /api/settings [36m304[0m 786.268 ms - -[0m
[DB] SELECT id, email, role, is_active, password_changed_at FROM users WHERE id = $1 | 508ms | 1 rows
[DB] SELECT key, value FROM portal_settings | 307ms | 1 rows
[0mGET /api/settings [36m304[0m 818.346 ms - -[0m
[DB] SELECT id, email, role, is_active, password_changed_at FROM users WHERE id = $1 | 359ms | 1 rows
[DB] SELECT COUNT(*) FROM users  | 353ms | 1 rows
[DB] SELECT id, name, email, role, domain, score, status, created_at
         FROM us | 354ms | 4 rows
[0mGET /api/users? [36m304[0m 714.728 ms - -[0m
[DB] SELECT id, email, role, is_active, password_changed_at FROM users WHERE id = $1 | 333ms | 1 rows
[DB] SELECT COUNT(*) FROM users  | 299ms | 1 rows
[DB] SELECT id, name, email, role, domain, score, status, created_at
         FROM us | 308ms | 4 rows
[0mGET /api/users? [36m304[0m 644.175 ms - -[0m
[0mGET /api/auth/me [33m401[0m 18.859 ms - 73[0m
[0mPOST /api/auth/refresh [0m-[0m - ms - -[0m
[0mPOST /api/auth/login [0m-[0m - ms - -[0m
[ERROR] Error: read EADDRNOTAVAIL
    at /Users/logeshalavandhan/Downloads/placement/backend/node_modules/pg-pool/index.js:45:11
    at processTicksAndRejections (node:internal/process/task_queues:103:5)
    at query (/Users/logeshalavandhan/Downloads/placement/backend/src/config/db.ts:32:20)
    at refreshToken (/Users/logeshalavandhan/Downloads/placement/backend/src/controllers/auth.controller.ts:154:20) {
  errno: -49,
  code: 'EADDRNOTAVAIL',
  syscall: 'read'
}
[ERROR] Error: read EADDRNOTAVAIL
    at /Users/logeshalavandhan/Downloads/placement/backend/node_modules/pg-pool/index.js:45:11
    at processTicksAndRejections (node:internal/process/task_queues:103:5)
    at query (/Users/logeshalavandhan/Downloads/placement/backend/src/config/db.ts:32:20)
    at login (/Users/logeshalavandhan/Downloads/placement/backend/src/controllers/auth.controller.ts:76:20) {
  errno: -49,
  code: 'EADDRNOTAVAIL',
  syscall: 'read'
}
[ERROR] Error: read EADDRNOTAVAIL
    at /Users/logeshalavandhan/Downloads/placement/backend/node_modules/pg-pool/index.js:45:11
    at processTicksAndRejections (node:internal/process/task_queues:103:5)
    at query (/Users/logeshalavandhan/Downloads/placement/backend/src/config/db.ts:32:20)
    at login (/Users/logeshalavandhan/Downloads/placement/backend/src/controllers/auth.controller.ts:76:20) {
  errno: -49,
  code: 'EADDRNOTAVAIL',
  syscall: 'read'
}
[0mPOST /api/auth/login [31m500[0m 165164.699 ms - 460[0m
[INFO] 06:44:42 Restarting: /Users/logeshalavandhan/Downloads/placement/backend/src/controllers/auth.controller.ts has been modified
SIGTERM received. Closing database pool...
(node:91282) Warning: SECURITY WARNING: The SSL modes 'prefer', 'require', and 'verify-ca' are treated as aliases for 'verify-full'.
In the next major version (pg-connection-string v3.0.0 and pg v9.0.0), these modes will adopt standard libpq semantics, which have weaker security guarantees.

To prepare for this change:
- If you want the current behavior, explicitly use 'sslmode=verify-full'
- If you want libpq compatibility now, use 'uselibpqcompat=true&sslmode=require'

See https://www.postgresql.org/docs/current/libpq-ssl.html for libpq SSL mode definitions.
(Use `node --trace-warnings ...` to show where the warning was created)
✅ Database connected (Neon PostgreSQL)
🚀 Server running on http://localhost:5000
📋 Environment: development
[INFO] 06:45:00 Restarting: /Users/logeshalavandhan/Downloads/placement/backend/src/controllers/auth.controller.ts has been modified
SIGTERM received. Closing database pool...
(node:91299) Warning: SECURITY WARNING: The SSL modes 'prefer', 'require', and 'verify-ca' are treated as aliases for 'verify-full'.
In the next major version (pg-connection-string v3.0.0 and pg v9.0.0), these modes will adopt standard libpq semantics, which have weaker security guarantees.

To prepare for this change:
- If you want the current behavior, explicitly use 'sslmode=verify-full'
- If you want libpq compatibility now, use 'uselibpqcompat=true&sslmode=require'

See https://www.postgresql.org/docs/current/libpq-ssl.html for libpq SSL mode definitions.
(Use `node --trace-warnings ...` to show where the warning was created)
✅ Database connected (Neon PostgreSQL)
Error: listen EADDRINUSE: address already in use :::5000
    at Server.setupListenHandle [as _listen2] (node:net:1940:16)
    at listenInCluster (node:net:1997:12)
    at Server.listen (node:net:2102:7)
    at app.listen (/Users/logeshalavandhan/Downloads/placement/backend/node_modules/express/lib/application.js:635:24)
    at startServer (/Users/logeshalavandhan/Downloads/placement/backend/src/server.ts:12:9)
    at processTicksAndRejections (node:internal/process/task_queues:103:5)
[ERROR] 06:45:05 Error: listen EADDRINUSE: address already in use :::5000
[INFO] 06:45:12 Restarting: /Users/logeshalavandhan/Downloads/placement/backend/src/controllers/auth.controller.ts has been modified
(node:91310) Warning: SECURITY WARNING: The SSL modes 'prefer', 'require', and 'verify-ca' are treated as aliases for 'verify-full'.
In the next major version (pg-connection-string v3.0.0 and pg v9.0.0), these modes will adopt standard libpq semantics, which have weaker security guarantees.

To prepare for this change:
- If you want the current behavior, explicitly use 'sslmode=verify-full'
- If you want libpq compatibility now, use 'uselibpqcompat=true&sslmode=require'

See https://www.postgresql.org/docs/current/libpq-ssl.html for libpq SSL mode definitions.
(Use `node --trace-warnings ...` to show where the warning was created)
✅ Database connected (Neon PostgreSQL)
Error: listen EADDRINUSE: address already in use :::5000
    at Server.setupListenHandle [as _listen2] (node:net:1940:16)
    at listenInCluster (node:net:1997:12)
    at Server.listen (node:net:2102:7)
    at app.listen (/Users/logeshalavandhan/Downloads/placement/backend/node_modules/express/lib/application.js:635:24)
    at startServer (/Users/logeshalavandhan/Downloads/placement/backend/src/server.ts:12:9)
    at processTicksAndRejections (node:internal/process/task_queues:103:5)
[ERROR] 06:45:19 Error: listen EADDRINUSE: address already in use :::5000
[INFO] 06:53:45 Restarting: /Users/logeshalavandhan/Downloads/placement/backend/src/controllers/tests.controller.ts has been modified
(node:91520) Warning: SECURITY WARNING: The SSL modes 'prefer', 'require', and 'verify-ca' are treated as aliases for 'verify-full'.
In the next major version (pg-connection-string v3.0.0 and pg v9.0.0), these modes will adopt standard libpq semantics, which have weaker security guarantees.

To prepare for this change:
- If you want the current behavior, explicitly use 'sslmode=verify-full'
- If you want libpq compatibility now, use 'uselibpqcompat=true&sslmode=require'

See https://www.postgresql.org/docs/current/libpq-ssl.html for libpq SSL mode definitions.
(Use `node --trace-warnings ...` to show where the warning was created)
✅ Database connected (Neon PostgreSQL)
🚀 Server running on http://localhost:5000
📋 Environment: development
[INFO] 06:54:15 Restarting: /Users/logeshalavandhan/Downloads/placement/backend/src/controllers/tests.controller.ts has been modified
SIGTERM received. Closing database pool...
Error: Cannot find module 'xml2js'
Require stack:
- /Users/logeshalavandhan/Downloads/placement/backend/src/controllers/tests.controller.ts
- /Users/logeshalavandhan/Downloads/placement/backend/src/routes/tests.routes.ts
- /Users/logeshalavandhan/Downloads/placement/backend/src/app.ts
- /Users/logeshalavandhan/Downloads/placement/backend/src/server.ts
    at Module._resolveFilename (node:internal/modules/cjs/loader:1421:15)
    at defaultResolveImpl (node:internal/modules/cjs/loader:1059:19)
    at resolveForCJSWithHooks (node:internal/modules/cjs/loader:1064:22)
    at Module._load (node:internal/modules/cjs/loader:1227:37)
    at TracingChannel.traceSync (node:diagnostics_channel:328:14)
    at wrapModuleLoad (node:internal/modules/cjs/loader:245:24)
    at Module.require (node:internal/modules/cjs/loader:1504:12)
    at require (node:internal/modules/helpers:152:16)
    at Object.<anonymous> (/Users/logeshalavandhan/Downloads/placement/backend/src/controllers/tests.controller.ts:4:1)
    at Module.<anonymous> (node:internal/modules/cjs/loader:1761:14)
[ERROR] 06:54:15 Error: Cannot find module 'xml2js'
Require stack:
- /Users/logeshalavandhan/Downloads/placement/backend/src/controllers/tests.controller.ts
- /Users/logeshalavandhan/Downloads/placement/backend/src/routes/tests.routes.ts
- /Users/logeshalavandhan/Downloads/placement/backend/src/app.ts
- /Users/logeshalavandhan/Downloads/placement/backend/src/server.ts
[INFO] 06:54:23 Restarting: /Users/logeshalavandhan/Downloads/placement/backend/src/routes/tests.routes.ts has been modified
Error: Cannot find module 'xml2js'
Require stack:
- /Users/logeshalavandhan/Downloads/placement/backend/src/controllers/tests.controller.ts
- /Users/logeshalavandhan/Downloads/placement/backend/src/routes/tests.routes.ts
- /Users/logeshalavandhan/Downloads/placement/backend/src/app.ts
- /Users/logeshalavandhan/Downloads/placement/backend/src/server.ts
    at Module._resolveFilename (node:internal/modules/cjs/loader:1421:15)
    at defaultResolveImpl (node:internal/modules/cjs/loader:1059:19)
    at resolveForCJSWithHooks (node:internal/modules/cjs/loader:1064:22)
    at Module._load (node:internal/modules/cjs/loader:1227:37)
    at TracingChannel.traceSync (node:diagnostics_channel:328:14)
    at wrapModuleLoad (node:internal/modules/cjs/loader:245:24)
    at Module.require (node:internal/modules/cjs/loader:1504:12)
    at require (node:internal/modules/helpers:152:16)
    at Object.<anonymous> (/Users/logeshalavandhan/Downloads/placement/backend/src/controllers/tests.controller.ts:4:1)
    at Module.<anonymous> (node:internal/modules/cjs/loader:1761:14)
[ERROR] 06:54:23 Error: Cannot find module 'xml2js'
Require stack:
- /Users/logeshalavandhan/Downloads/placement/backend/src/controllers/tests.controller.ts
- /Users/logeshalavandhan/Downloads/placement/backend/src/routes/tests.routes.ts
- /Users/logeshalavandhan/Downloads/placement/backend/src/app.ts
- /Users/logeshalavandhan/Downloads/placement/backend/src/server.ts
[INFO] 06:54:25 Restarting: /Users/logeshalavandhan/Downloads/placement/backend/src/routes/tests.routes.ts has been modified
Error: Cannot find module 'xml2js'
Require stack:
- /Users/logeshalavandhan/Downloads/placement/backend/src/controllers/tests.controller.ts
- /Users/logeshalavandhan/Downloads/placement/backend/src/routes/tests.routes.ts
- /Users/logeshalavandhan/Downloads/placement/backend/src/app.ts
- /Users/logeshalavandhan/Downloads/placement/backend/src/server.ts
    at Module._resolveFilename (node:internal/modules/cjs/loader:1421:15)
    at defaultResolveImpl (node:internal/modules/cjs/loader:1059:19)
    at resolveForCJSWithHooks (node:internal/modules/cjs/loader:1064:22)
    at Module._load (node:internal/modules/cjs/loader:1227:37)
    at TracingChannel.traceSync (node:diagnostics_channel:328:14)
    at wrapModuleLoad (node:internal/modules/cjs/loader:245:24)
    at Module.require (node:internal/modules/cjs/loader:1504:12)
    at require (node:internal/modules/helpers:152:16)
    at Object.<anonymous> (/Users/logeshalavandhan/Downloads/placement/backend/src/controllers/tests.controller.ts:4:1)
    at Module.<anonymous> (node:internal/modules/cjs/loader:1761:14)
[ERROR] 06:54:25 Error: Cannot find module 'xml2js'
Require stack:
- /Users/logeshalavandhan/Downloads/placement/backend/src/controllers/tests.controller.ts
- /Users/logeshalavandhan/Downloads/placement/backend/src/routes/tests.routes.ts
- /Users/logeshalavandhan/Downloads/placement/backend/src/app.ts
- /Users/logeshalavandhan/Downloads/placement/backend/src/server.ts
[INFO] 07:53:21 Restarting: /Users/logeshalavandhan/Downloads/placement/backend/src/controllers/tests.controller.ts has been modified
(node:6303) Warning: SECURITY WARNING: The SSL modes 'prefer', 'require', and 'verify-ca' are treated as aliases for 'verify-full'.
In the next major version (pg-connection-string v3.0.0 and pg v9.0.0), these modes will adopt standard libpq semantics, which have weaker security guarantees.

To prepare for this change:
- If you want the current behavior, explicitly use 'sslmode=verify-full'
- If you want libpq compatibility now, use 'uselibpqcompat=true&sslmode=require'

See https://www.postgresql.org/docs/current/libpq-ssl.html for libpq SSL mode definitions.
(Use `node --trace-warnings ...` to show where the warning was created)
✅ Database connected (Neon PostgreSQL)
Error: listen EADDRINUSE: address already in use :::5000
    at Server.setupListenHandle [as _listen2] (node:net:1940:16)
    at listenInCluster (node:net:1997:12)
    at Server.listen (node:net:2102:7)
    at app.listen (/Users/logeshalavandhan/Downloads/placement/backend/node_modules/express/lib/application.js:635:24)
    at startServer (/Users/logeshalavandhan/Downloads/placement/backend/src/server.ts:12:9)
    at processTicksAndRejections (node:internal/process/task_queues:103:5)
[ERROR] 07:53:26 Error: listen EADDRINUSE: address already in use :::5000
[INFO] 08:40:59 Restarting: /Users/logeshalavandhan/Downloads/placement/backend/src/controllers/tests.controller.ts has been modified
(node:12114) Warning: SECURITY WARNING: The SSL modes 'prefer', 'require', and 'verify-ca' are treated as aliases for 'verify-full'.
In the next major version (pg-connection-string v3.0.0 and pg v9.0.0), these modes will adopt standard libpq semantics, which have weaker security guarantees.

To prepare for this change:
- If you want the current behavior, explicitly use 'sslmode=verify-full'
- If you want libpq compatibility now, use 'uselibpqcompat=true&sslmode=require'

See https://www.postgresql.org/docs/current/libpq-ssl.html for libpq SSL mode definitions.
(Use `node --trace-warnings ...` to show where the warning was created)
✅ Database connected (Neon PostgreSQL)
Error: listen EADDRINUSE: address already in use :::5000
    at Server.setupListenHandle [as _listen2] (node:net:1940:16)
    at listenInCluster (node:net:1997:12)
    at Server.listen (node:net:2102:7)
    at app.listen (/Users/logeshalavandhan/Downloads/placement/backend/node_modules/express/lib/application.js:635:24)
    at startServer (/Users/logeshalavandhan/Downloads/placement/backend/src/server.ts:12:9)
    at processTicksAndRejections (node:internal/process/task_queues:103:5)
[ERROR] 08:41:06 Error: listen EADDRINUSE: address already in use :::5000
[INFO] 09:59:03 Restarting: /Users/logeshalavandhan/Downloads/placement/backend/src/app.ts has been modified
(node:18100) Warning: SECURITY WARNING: The SSL modes 'prefer', 'require', and 'verify-ca' are treated as aliases for 'verify-full'.
In the next major version (pg-connection-string v3.0.0 and pg v9.0.0), these modes will adopt standard libpq semantics, which have weaker security guarantees.

To prepare for this change:
- If you want the current behavior, explicitly use 'sslmode=verify-full'
- If you want libpq compatibility now, use 'uselibpqcompat=true&sslmode=require'

See https://www.postgresql.org/docs/current/libpq-ssl.html for libpq SSL mode definitions.
(Use `node --trace-warnings ...` to show where the warning was created)
✅ Database connected (Neon PostgreSQL)
Error: listen EADDRINUSE: address already in use :::5000
    at Server.setupListenHandle [as _listen2] (node:net:1940:16)
    at listenInCluster (node:net:1997:12)
    at Server.listen (node:net:2102:7)
    at app.listen (/Users/logeshalavandhan/Downloads/placement/backend/node_modules/express/lib/application.js:635:24)
    at startServer (/Users/logeshalavandhan/Downloads/placement/backend/src/server.ts:12:9)
    at processTicksAndRejections (node:internal/process/task_queues:103:5)
[ERROR] 09:59:09 Error: listen EADDRINUSE: address already in use :::5000
[INFO] 10:00:14 Restarting: /Users/logeshalavandhan/Downloads/placement/backend/src/app.ts has been modified
(node:18140) Warning: SECURITY WARNING: The SSL modes 'prefer', 'require', and 'verify-ca' are treated as aliases for 'verify-full'.
In the next major version (pg-connection-string v3.0.0 and pg v9.0.0), these modes will adopt standard libpq semantics, which have weaker security guarantees.

To prepare for this change:
- If you want the current behavior, explicitly use 'sslmode=verify-full'
- If you want libpq compatibility now, use 'uselibpqcompat=true&sslmode=require'

See https://www.postgresql.org/docs/current/libpq-ssl.html for libpq SSL mode definitions.
(Use `node --trace-warnings ...` to show where the warning was created)
✅ Database connected (Neon PostgreSQL)
🚀 Server running on http://localhost:5000
📋 Environment: development
[INFO] 10:02:24 Restarting: /Users/logeshalavandhan/Downloads/placement/backend/src/controllers/testAttempts.controller.ts has been modified
SIGTERM received. Closing database pool...
(node:18864) Warning: SECURITY WARNING: The SSL modes 'prefer', 'require', and 'verify-ca' are treated as aliases for 'verify-full'.
In the next major version (pg-connection-string v3.0.0 and pg v9.0.0), these modes will adopt standard libpq semantics, which have weaker security guarantees.

To prepare for this change:
- If you want the current behavior, explicitly use 'sslmode=verify-full'
- If you want libpq compatibility now, use 'uselibpqcompat=true&sslmode=require'

See https://www.postgresql.org/docs/current/libpq-ssl.html for libpq SSL mode definitions.
(Use `node --trace-warnings ...` to show where the warning was created)
✅ Database connected (Neon PostgreSQL)
Error: listen EADDRINUSE: address already in use :::5000
    at Server.setupListenHandle [as _listen2] (node:net:1940:16)
    at listenInCluster (node:net:1997:12)
    at Server.listen (node:net:2102:7)
    at app.listen (/Users/logeshalavandhan/Downloads/placement/backend/node_modules/express/lib/application.js:635:24)
    at startServer (/Users/logeshalavandhan/Downloads/placement/backend/src/server.ts:12:9)
    at processTicksAndRejections (node:internal/process/task_queues:103:5)
[ERROR] 10:02:29 Error: listen EADDRINUSE: address already in use :::5000
[INFO] 10:13:40 Restarting: /Users/logeshalavandhan/Downloads/placement/backend/src/controllers/testAttempts.controller.ts has been modified
(node:19912) Warning: SECURITY WARNING: The SSL modes 'prefer', 'require', and 'verify-ca' are treated as aliases for 'verify-full'.
In the next major version (pg-connection-string v3.0.0 and pg v9.0.0), these modes will adopt standard libpq semantics, which have weaker security guarantees.

To prepare for this change:
- If you want the current behavior, explicitly use 'sslmode=verify-full'
- If you want libpq compatibility now, use 'uselibpqcompat=true&sslmode=require'

See https://www.postgresql.org/docs/current/libpq-ssl.html for libpq SSL mode definitions.
(Use `node --trace-warnings ...` to show where the warning was created)
✅ Database connected (Neon PostgreSQL)
🚀 Server running on http://localhost:5000
📋 Environment: development
[INFO] 10:13:54 Restarting: /Users/logeshalavandhan/Downloads/placement/backend/src/controllers/testAttempts.controller.ts has been modified
SIGTERM received. Closing database pool...
(node:19931) Warning: SECURITY WARNING: The SSL modes 'prefer', 'require', and 'verify-ca' are treated as aliases for 'verify-full'.
In the next major version (pg-connection-string v3.0.0 and pg v9.0.0), these modes will adopt standard libpq semantics, which have weaker security guarantees.

To prepare for this change:
- If you want the current behavior, explicitly use 'sslmode=verify-full'
- If you want libpq compatibility now, use 'uselibpqcompat=true&sslmode=require'

See https://www.postgresql.org/docs/current/libpq-ssl.html for libpq SSL mode definitions.
(Use `node --trace-warnings ...` to show where the warning was created)
✅ Database connected (Neon PostgreSQL)
Error: listen EADDRINUSE: address already in use :::5000
    at Server.setupListenHandle [as _listen2] (node:net:1940:16)
    at listenInCluster (node:net:1997:12)
    at Server.listen (node:net:2102:7)
    at app.listen (/Users/logeshalavandhan/Downloads/placement/backend/node_modules/express/lib/application.js:635:24)
    at startServer (/Users/logeshalavandhan/Downloads/placement/backend/src/server.ts:12:9)
    at processTicksAndRejections (node:internal/process/task_queues:103:5)
[ERROR] 10:14:00 Error: listen EADDRINUSE: address already in use :::5000
[INFO] 10:14:22 Restarting: /Users/logeshalavandhan/Downloads/placement/backend/src/controllers/codingReview.controller.ts has been modified
(node:19957) Warning: SECURITY WARNING: The SSL modes 'prefer', 'require', and 'verify-ca' are treated as aliases for 'verify-full'.
In the next major version (pg-connection-string v3.0.0 and pg v9.0.0), these modes will adopt standard libpq semantics, which have weaker security guarantees.

To prepare for this change:
- If you want the current behavior, explicitly use 'sslmode=verify-full'
- If you want libpq compatibility now, use 'uselibpqcompat=true&sslmode=require'

See https://www.postgresql.org/docs/current/libpq-ssl.html for libpq SSL mode definitions.
(Use `node --trace-warnings ...` to show where the warning was created)
✅ Database connected (Neon PostgreSQL)
🚀 Server running on http://localhost:5000
📋 Environment: development
[INFO] 11:09:18 Restarting: /Users/logeshalavandhan/Downloads/placement/backend/src/config/db.ts has been modified
(node:21265) Warning: SECURITY WARNING: The SSL modes 'prefer', 'require', and 'verify-ca' are treated as aliases for 'verify-full'.
In the next major version (pg-connection-string v3.0.0 and pg v9.0.0), these modes will adopt standard libpq semantics, which have weaker security guarantees.

To prepare for this change:
- If you want the current behavior, explicitly use 'sslmode=verify-full'
- If you want libpq compatibility now, use 'uselibpqcompat=true&sslmode=require'

See https://www.postgresql.org/docs/current/libpq-ssl.html for libpq SSL mode definitions.
(Use `node --trace-warnings ...` to show where the warning was created)
✅ Database connected (Neon PostgreSQL)
Error: listen EADDRINUSE: address already in use :::5000
    at Server.setupListenHandle [as _listen2] (node:net:1940:16)
    at listenInCluster (node:net:1997:12)
    at Server.listen (node:net:2102:7)
    at app.listen (/Users/logeshalavandhan/Downloads/placement/backend/node_modules/express/lib/application.js:635:24)
    at startServer (/Users/logeshalavandhan/Downloads/placement/backend/src/server.ts:12:9)
    at processTicksAndRejections (node:internal/process/task_queues:103:5)
[ERROR] 11:09:23 Error: listen EADDRINUSE: address already in use :::5000
[INFO] 11:09:29 Restarting: /Users/logeshalavandhan/Downloads/placement/backend/src/config/db.ts has been modified
(node:21287) Warning: SECURITY WARNING: The SSL modes 'prefer', 'require', and 'verify-ca' are treated as aliases for 'verify-full'.
In the next major version (pg-connection-string v3.0.0 and pg v9.0.0), these modes will adopt standard libpq semantics, which have weaker security guarantees.

To prepare for this change:
- If you want the current behavior, explicitly use 'sslmode=verify-full'
- If you want libpq compatibility now, use 'uselibpqcompat=true&sslmode=require'

See https://www.postgresql.org/docs/current/libpq-ssl.html for libpq SSL mode definitions.
(Use `node --trace-warnings ...` to show where the warning was created)
✅ Database connected (Neon PostgreSQL)
Error: listen EADDRINUSE: address already in use :::5000
    at Server.setupListenHandle [as _listen2] (node:net:1940:16)
    at listenInCluster (node:net:1997:12)
    at Server.listen (node:net:2102:7)
    at app.listen (/Users/logeshalavandhan/Downloads/placement/backend/node_modules/express/lib/application.js:635:24)
    at startServer (/Users/logeshalavandhan/Downloads/placement/backend/src/server.ts:12:9)
    at processTicksAndRejections (node:internal/process/task_queues:103:5)
[ERROR] 11:09:35 Error: listen EADDRINUSE: address already in use :::5000
[INFO] 11:53:05 Restarting: /Users/logeshalavandhan/Downloads/placement/backend/src/controllers/applications.controller.ts has been modified
(node:23151) Warning: SECURITY WARNING: The SSL modes 'prefer', 'require', and 'verify-ca' are treated as aliases for 'verify-full'.
In the next major version (pg-connection-string v3.0.0 and pg v9.0.0), these modes will adopt standard libpq semantics, which have weaker security guarantees.

To prepare for this change:
- If you want the current behavior, explicitly use 'sslmode=verify-full'
- If you want libpq compatibility now, use 'uselibpqcompat=true&sslmode=require'

See https://www.postgresql.org/docs/current/libpq-ssl.html for libpq SSL mode definitions.
(Use `node --trace-warnings ...` to show where the warning was created)
✅ Database connected (Neon PostgreSQL)
Error: listen EADDRINUSE: address already in use :::5000
    at Server.setupListenHandle [as _listen2] (node:net:1940:16)
    at listenInCluster (node:net:1997:12)
    at Server.listen (node:net:2102:7)
    at app.listen (/Users/logeshalavandhan/Downloads/placement/backend/node_modules/express/lib/application.js:635:24)
    at startServer (/Users/logeshalavandhan/Downloads/placement/backend/src/server.ts:12:9)
    at processTicksAndRejections (node:internal/process/task_queues:103:5)
[ERROR] 11:53:09 Error: listen EADDRINUSE: address already in use :::5000
[INFO] 11:53:38 Restarting: /Users/logeshalavandhan/Downloads/placement/backend/src/routes/applications.routes.ts has been modified
(node:23190) Warning: SECURITY WARNING: The SSL modes 'prefer', 'require', and 'verify-ca' are treated as aliases for 'verify-full'.
In the next major version (pg-connection-string v3.0.0 and pg v9.0.0), these modes will adopt standard libpq semantics, which have weaker security guarantees.

To prepare for this change:
- If you want the current behavior, explicitly use 'sslmode=verify-full'
- If you want libpq compatibility now, use 'uselibpqcompat=true&sslmode=require'

See https://www.postgresql.org/docs/current/libpq-ssl.html for libpq SSL mode definitions.
(Use `node --trace-warnings ...` to show where the warning was created)
✅ Database connected (Neon PostgreSQL)
🚀 Server running on http://localhost:5000
📋 Environment: development
